<?xml version="1.0" encoding="windows-1252" standalone="no"?>
<!DOCTYPE log SYSTEM "logger.dtd">
<log>
<record>
  <date>2013-04-23T23:11:10</date>
  <millis>1366773070863</millis>
  <sequence>0</sequence>
  <logger>arcade.database.Table</logger>
  <level>INFO</level>
  <class>arcade.database.DatabaseConnection</class>
  <method>logError</method>
  <thread>17</thread>
  <message>Error getting ratings for this game in CommentTable.java @ Line 75</message>
</record>
<record>
  <date>2013-04-23T23:11:37</date>
  <millis>1366773097898</millis>
  <sequence>1</sequence>
  <logger>arcade.database.Table</logger>
  <level>INFO</level>
  <class>arcade.database.DatabaseConnection</class>
  <method>logError</method>
  <thread>17</thread>
  <message>Error getting ratings for this game in CommentTable.java @ Line 75</message>
</record>
